Settings: 
  physicalSize: 1 x 1, nCells: 20 x 20
  endTime: 10 s, re: 316, prandtl: 0.71, beta: 1.01937, g: (0,-9.81), tau: 0.5, maximum dt: 0.01
  dirichletBC: bottom: (6.95333e-310,6.95333e-310), top: (6.93307e-310,9.88131e-324), left: (6.95333e-310,0), right: (6.91692e-323,6.95333e-310)
  useDonorCell: true, alpha: 0.5
  pressureSolver: SOR, omega: 1.6, epsilon: 1e-05, maximumNumberOfIterations: 10000
Adapter Constructor
(0) 19:05:27 [impl::SolverInterfaceImpl]:107 in configure: [0mThis is preCICE version 1.6.1
(0) 19:05:27 [impl::SolverInterfaceImpl]:107 in configure: [0mThis is preCICE version 1.6.1
(0) 19:05:27 [impl::SolverInterfaceImpl]:108 in configure: [0mRevision info: v1.6.1
(0) 19:05:27 [impl::SolverInterfaceImpl]:108 in configure: [0mRevision info: v1.6.1
(0) 19:05:27 [impl::SolverInterfaceImpl]:109 in configure: [0mConfiguring preCICE with configuration: "precice-config.xml"
(0) 19:05:27 [impl::SolverInterfaceImpl]:109 in configure: [0mConfiguring preCICE with configuration: "precice-config.xml"
(0) 19:05:27 [impl::SolverInterfaceImpl]:152 in configure: [0mRun in coupling mode
(0) 19:05:27 [impl::SolverInterfaceImpl]:152 in configure: [0mRun in coupling mode
2
initialize: post adapter
initialize: start
2
0
0
1
2
vertexSize: 20 sizeof(vertexIDs): 2Coords: 40vs220
vertexSize: 20 sizeof(vertexIDs): 2
(0) 19:05:27 [impl::SolverInterfaceImpl]:220 in initialize: [0mSetting up master communication to coupling partner/s
(0) 19:05:27 [impl::SolverInterfaceImpl]:220 in initialize: [0mSetting up master communication to coupling partner/s
(0) 19:05:27 [impl::SolverInterfaceImpl]:228 in initialize: [0mMasters are connected
(0) 19:05:27 [impl::SolverInterfaceImpl]:228 in initialize: [0mMasters are connected
(0) 19:05:27 [partition::ProvidedPartition]:36 in communicate: [0mGather mesh NumSimMesh
(0) 19:05:27 [partition::ProvidedPartition]:36 in communicate: [0mGather mesh NumSimMesh
(0) 19:05:27 [partition::ProvidedPartition]:62 in communicate: [0mSend global mesh NumSimMesh
(0) 19:05:27 [partition::ProvidedPartition]:62 in communicate: [0mSend global mesh NumSimMesh
(0) 19:05:27 [partition::ProvidedPartition]:79 in compute: [0mCompute partition for mesh NumSimMesh
(0) 19:05:27 [partition::ProvidedPartition]:79 in compute: [0mCompute partition for mesh NumSimMesh
(0) 19:05:27 [impl::SolverInterfaceImpl]:232 in initialize: [0mSetting up slaves communication to coupling partner/s
(0) 19:05:27 [impl::SolverInterfaceImpl]:232 in initialize: [0mSetting up slaves communication to coupling partner/s
(0) 19:05:27 [impl::SolverInterfaceImpl]:240 in initialize: [0mSlaves are connected
(0) 19:05:27 [impl::SolverInterfaceImpl]:240 in initialize: [0mSlaves are connected
(0) 19:05:27 [impl::SolverInterfaceImpl]:266 in initialize: [0mit 1 of 1 | dt# 1 | t 0 of 10 | dt 0.01 | max dt 0.01 | ongoing yes | dt complete no | 
(0) 19:05:27 [impl::SolverInterfaceImpl]:266 in initialize: [0mit 1 of 1 | dt# 1 | t 0 of 10 | dt 0.01 | max dt 0.01 | ongoing yes | dt complete no | 
20
run: pre read, readData size:20, vertexSize: 1715654688readDataID: 32672, vertexIDs: 2
[DESKTOP-RJK1NR5:05989] *** Process received signal ***
[DESKTOP-RJK1NR5:05989] Signal: Segmentation fault (11)
[DESKTOP-RJK1NR5:05989] Signal code: Address not mapped (1)
[DESKTOP-RJK1NR5:05989] Failing at address: 0xc1
[DESKTOP-RJK1NR5:05989] [ 0] /lib/x86_64-linux-gnu/libc.so.6(+0x3ef20)[0x7fa06363ef20]
[DESKTOP-RJK1NR5:05989] [ 1] /usr/lib/libprecice.so.1.6.1(_ZNK7precice4impl19SolverInterfaceImpl19readBlockVectorDataEiiPKiPd+0x1d)[0x7fa065b31a9d]
[DESKTOP-RJK1NR5:05989] [ 2] ./numsim_fluid(+0x918a)[0x7fa06620918a]
[DESKTOP-RJK1NR5:05989] [ 3] ./numsim_fluid(+0x660a)[0x7fa06620660a]
[DESKTOP-RJK1NR5:05989] [ 4] ./numsim_fluid(+0x45a3)[0x7fa0662045a3]
[DESKTOP-RJK1NR5:05989] [ 5] /lib/x86_64-linux-gnu/libc.so.6(__libc_start_main+0xe7)[0x7fa063621b97]
[DESKTOP-RJK1NR5:05989] [ 6] ./numsim_fluid(+0x435a)[0x7fa06620435a]
[DESKTOP-RJK1NR5:05989] *** End of error message ***
